Determining if the pthread_create exist failed with the following output:
Change Dir: /home/alexa/catkin_ws/build/CMakeFiles/CMakeTmp

Run Build Command:/usr/bin/make "cmTryCompileExec850403799/fast"
/usr/bin/make -f CMakeFiles/cmTryCompileExec850403799.dir/build.make CMakeFiles/cmTryCompileExec850403799.dir/build
make[1]: Entering directory `/home/alexa/catkin_ws/build/CMakeFiles/CMakeTmp'
/usr/bin/cmake -E cmake_progress_report /home/alexa/catkin_ws/build/CMakeFiles/CMakeTmp/CMakeFiles 1
Building C object CMakeFiles/cmTryCompileExec850403799.dir/CheckSymbolExists.c.o
/usr/bin/cc    -o CMakeFiles/cmTryCompileExec850403799.dir/CheckSymbolExists.c.o   -c /home/alexa/catkin_ws/build/CMakeFiles/CMakeTmp/CheckSymbolExists.c
Linking C executable cmTryCompileExec850403799
/usr/bin/cmake -E cmake_link_script CMakeFiles/cmTryCompileExec850403799.dir/link.txt --verbose=1
/usr/bin/cc       CMakeFiles/cmTryCompileExec850403799.dir/CheckSymbolExists.c.o  -o cmTryCompileExec850403799 -rdynamic 
CMakeFiles/cmTryCompileExec850403799.dir/CheckSymbolExists.c.o: In function `main':
CheckSymbolExists.c:(.text+0x16): undefined reference to `pthread_create'
collect2: error: ld returned 1 exit status
make[1]: Leaving directory `/home/alexa/catkin_ws/build/CMakeFiles/CMakeTmp'
make[1]: *** [cmTryCompileExec850403799] Error 1
make: *** [cmTryCompileExec850403799/fast] Error 2

File /home/alexa/catkin_ws/build/CMakeFiles/CMakeTmp/CheckSymbolExists.c:
/* */
#include <pthread.h>

int main(int argc, char** argv)
{
  (void)argv;
#ifndef pthread_create
  return ((int*)(&pthread_create))[argc];
#else
  (void)argc;
  return 0;
#endif
}

Determining if the function pthread_create exists in the pthreads failed with the following output:
Change Dir: /home/alexa/catkin_ws/build/CMakeFiles/CMakeTmp

Run Build Command:/usr/bin/make "cmTryCompileExec2236342232/fast"
/usr/bin/make -f CMakeFiles/cmTryCompileExec2236342232.dir/build.make CMakeFiles/cmTryCompileExec2236342232.dir/build
make[1]: Entering directory `/home/alexa/catkin_ws/build/CMakeFiles/CMakeTmp'
/usr/bin/cmake -E cmake_progress_report /home/alexa/catkin_ws/build/CMakeFiles/CMakeTmp/CMakeFiles 1
Building C object CMakeFiles/cmTryCompileExec2236342232.dir/CheckFunctionExists.c.o
/usr/bin/cc   -DCHECK_FUNCTION_EXISTS=pthread_create   -o CMakeFiles/cmTryCompileExec2236342232.dir/CheckFunctionExists.c.o   -c /usr/share/cmake-2.8/Modules/CheckFunctionExists.c
Linking C executable cmTryCompileExec2236342232
/usr/bin/cmake -E cmake_link_script CMakeFiles/cmTryCompileExec2236342232.dir/link.txt --verbose=1
/usr/bin/cc   -DCHECK_FUNCTION_EXISTS=pthread_create    CMakeFiles/cmTryCompileExec2236342232.dir/CheckFunctionExists.c.o  -o cmTryCompileExec2236342232 -rdynamic -lpthreads 
/usr/bin/ld: cannot find -lpthreads
collect2: error: ld returned 1 exit status
make[1]: Leaving directory `/home/alexa/catkin_ws/build/CMakeFiles/CMakeTmp'
make[1]: *** [cmTryCompileExec2236342232] Error 1
make: *** [cmTryCompileExec2236342232/fast] Error 2


